<?xml version="1.0" encoding="UTF-8"?>
<beans 
	xmlns="http://www.springframework.org/schema/beans"
	xmlns:xsi="http://www.w3.org/2001/XMLSchema-instance"
	xmlns:mvc="http://www.springframework.org/schema/mvc"
    xmlns:context="http://www.springframework.org/schema/context"
	xsi:schemaLocation="
    	http://www.springframework.org/schema/mvc
		http://www.springframework.org/schema/mvc/spring-mvc-4.2.xsd
		http://www.springframework.org/schema/context 
        http://www.springframework.org/schema/context/spring-context-4.2.xsd
		http://www.springframework.org/schema/beans 
		http://www.springframework.org/schema/beans/spring-beans-4.2.xsd">

	<bean id="noteService" class="org.mockito.Mockito" factory-method="mock">
		 <constructor-arg value="az.service.INoteManager"/>
	</bean>
	<bean id="tagService" class="org.mockito.Mockito" factory-method="mock">
		 <constructor-arg value="az.service.ITagManager"/>
	</bean>
	<bean id="mainController" class="az.controllers.MainController" />

	<context:component-scan base-package="az.controllers" />
	<mvc:annotation-driven />
	<mvc:resources mapping="/static/**" location="/static/" />
</beans>